<?xml version="1.0" encoding="UTF-8"?>
<testng-results ignored="0" total="2" passed="2" failed="0" skipped="0">
  <reporter-output>
    <line>
      <![CDATA[the exeuctable broseer is -- Chrome]]>
    </line>
    <line>
      <![CDATA[the exeuctable broseer is -- FireFox]]>
    </line>
  </reporter-output>
  <suite started-at="2022-12-18T16:16:52 IST" name="Suite" finished-at="2022-12-18T16:17:16 IST" duration-ms="24127">
    <groups>
    </groups>
    <test started-at="2022-12-18T16:16:52 IST" name="ChromeTest" finished-at="2022-12-18T16:17:15 IST" duration-ms="23494">
      <class name="testcases.FirstTestcase">
        <test-method is-config="true" signature="setUp(java.lang.String,java.lang.String)[pri:0, instance:testcases.FirstTestcase@24c22fe]" started-at="2022-12-18T16:16:52 IST" name="setUp" finished-at="2022-12-18T16:17:12 IST" duration-ms="20427" status="PASS">
          <params>
            <param index="0">
              <value>
                <![CDATA[Chrome]]>
              </value>
            </param>
            <param index="1">
              <value>
                <![CDATA[https://opensource-demo.orangehrmlive.com/web/index.php/auth/login]]>
              </value>
            </param>
          </params>
          <reporter-output>
            <line>
              <![CDATA[the exeuctable broseer is -- Chrome]]>
            </line>
          </reporter-output>
        </test-method> <!-- setUp -->
        <test-method signature="testcase()[pri:0, instance:testcases.FirstTestcase@24c22fe]" started-at="2022-12-18T16:17:12 IST" name="testcase" finished-at="2022-12-18T16:17:13 IST" duration-ms="82" status="PASS">
          <reporter-output>
          </reporter-output>
        </test-method> <!-- testcase -->
        <test-method is-config="true" signature="tearDown()[pri:0, instance:testcases.FirstTestcase@24c22fe]" started-at="2022-12-18T16:17:13 IST" name="tearDown" finished-at="2022-12-18T16:17:15 IST" duration-ms="2866" status="PASS">
          <reporter-output>
          </reporter-output>
        </test-method> <!-- tearDown -->
      </class> <!-- testcases.FirstTestcase -->
    </test> <!-- ChromeTest -->
    <test started-at="2022-12-18T16:16:52 IST" name="FirefoxTest" finished-at="2022-12-18T16:17:16 IST" duration-ms="24127">
      <class name="testcases.FirstTestcase">
        <test-method is-config="true" signature="setUp(java.lang.String,java.lang.String)[pri:0, instance:testcases.FirstTestcase@5f77d0f9]" started-at="2022-12-18T16:16:52 IST" name="setUp" finished-at="2022-12-18T16:17:13 IST" duration-ms="21166" status="PASS">
          <params>
            <param index="0">
              <value>
                <![CDATA[FireFox]]>
              </value>
            </param>
            <param index="1">
              <value>
                <![CDATA[https://cra-nsdl.com/CRA/]]>
              </value>
            </param>
          </params>
          <reporter-output>
            <line>
              <![CDATA[the exeuctable broseer is -- FireFox]]>
            </line>
          </reporter-output>
        </test-method> <!-- setUp -->
        <test-method signature="testcase()[pri:0, instance:testcases.FirstTestcase@5f77d0f9]" started-at="2022-12-18T16:17:13 IST" name="testcase" finished-at="2022-12-18T16:17:13 IST" duration-ms="32" status="PASS">
          <reporter-output>
          </reporter-output>
        </test-method> <!-- testcase -->
        <test-method is-config="true" signature="tearDown()[pri:0, instance:testcases.FirstTestcase@5f77d0f9]" started-at="2022-12-18T16:17:13 IST" name="tearDown" finished-at="2022-12-18T16:17:16 IST" duration-ms="2889" status="PASS">
          <reporter-output>
          </reporter-output>
        </test-method> <!-- tearDown -->
      </class> <!-- testcases.FirstTestcase -->
    </test> <!-- FirefoxTest -->
  </suite> <!-- Suite -->
</testng-results>
