<?xml version="1.0" encoding="UTF-8"?>
<testsuite xmlns:xsi="http://www.w3.org/2001/XMLSchema-instance" xsi:noNamespaceSchemaLocation="https://maven.apache.org/surefire/maven-surefire-plugin/xsd/surefire-test-report-3.0.xsd" version="3.0" name="TestSuite" time="25.785" tests="2" errors="0" skipped="0" failures="0">
  <properties>
[...]
</properties>
  <testcase name="testcase" classname="testcases.FirstTestcase" time="0.064">
    <system-out><![CDATA[ this is setup method to launch browser and navigate Application URL
 this is setup method to launch browser and navigate Application URL
the exeuctable broseer is -- Chrome
the exeuctable broseer is -- FireFox
Application got launched
Current url of application is ---> https://opensource-demo.orangehrmlive.com/web/index.php/auth/login
Test case execution will start
captured title of the applciation--->OrangeHRM
Test case exeution got completed
]]></system-out>
    <system-err><![CDATA[SLF4J: Failed to load class "org.slf4j.impl.StaticLoggerBinder".
SLF4J: Defaulting to no-operation (NOP) logger implementation
SLF4J: See http://www.slf4j.org/codes.html#StaticLoggerBinder for further details.
Starting ChromeDriver 108.0.5359.71 (1e0e3868ee06e91ad636a874420e3ca3ae3756ac-refs/branch-heads/5359@{#1016}) on port 18471
Only local connections are allowed.
Please see https://chromedriver.chromium.org/security-considerations for suggestions on keeping ChromeDriver safe.
1671360419426	geckodriver	INFO	Listening on 127.0.0.1:13671
ChromeDriver was started successfully.
1671360420495	mozrunner::runner	INFO	Running command: "C:\\Program Files\\Mozilla Firefox\\firefox.exe" "--marionette" "--remote-debugging-port" "7805" "--remote-allow-hosts" "localhost" "--remote-allow-origins" "http://127.0.0.1:7805/,http://localhost:7805/,http://[::1]:7805/" "-no-remote" "-profile" "C:\\Windows\\TEMP\\rust_mozprofileRS8pVq"
1671360426245	Marionette	INFO	Marionette enabled
1671360426299	Marionette	INFO	Listening on port 53784
Dec 18, 2022 4:17:06 PM org.openqa.selenium.devtools.CdpVersionFinder findNearestMatch
WARNING: Unable to find an exact match for CDP version 108, so returning the closest version found: 107
Read port: 53784
WebDriver BiDi listening on ws://127.0.0.1:7805
1671360427419	RemoteAgent	WARN	TLS certificate errors will be ignored for this session
[GFX1-]: RcANGLE(no compositor window)
[GFX1-]: Failed to connect WebRenderBridgeChild. isParent=true
[GFX1-]: Fallback WR to SW-WR + D3D11
[GFX1-]: [D3D11] create swap chain failed: 0x887a0022, 0
[GFX1-]: Failed to initialize CompositorD3D11 for SWGL: FEATURE_FAILURE_D3D11_SWAP_CHAIN
console.warn: SearchSettings: "get: No settings file exists, new profile?" (new NotFoundError("Could not open the file at C:\\Windows\\TEMP\\rust_mozprofileRS8pVq\\search.json.mozlz4", (void 0)))
DevTools listening on ws://127.0.0.1:7805/devtools/browser/0fc31e2d-8a6f-401d-ad9f-b4a1e4cebe0a
JavaScript error: https://cra-nsdl.com/Static/jsFiles/pbkdf2.4.0.0-min.js, line 1: TypeError: e is undefined
]]></system-err>
  </testcase>
  <testcase name="testcase" classname="testcases.FirstTestcase" time="0.032">
    <system-out><![CDATA[Application got launched
Current url of application is ---> https://cra-nsdl.com/CRA/
Test case execution will start
captured title of the applciation--->Welcome to Central Record Keeping Agency
Test case exeution got completed
]]></system-out>
  </testcase>
</testsuite>