<?xml version="1.0" encoding="UTF-8"?>
<testng-results ignored="0" total="1" passed="1" failed="0" skipped="0">
  <reporter-output>
    <line>
      <![CDATA[the exeuctable broseer is -- Chrome]]>
    </line>
  </reporter-output>
  <suite started-at="2022-12-18T18:35:52 IST" name="Suite" finished-at="2022-12-18T18:36:22 IST" duration-ms="29656">
    <groups>
    </groups>
    <test started-at="2022-12-18T18:35:52 IST" name="ChromeTest" finished-at="2022-12-18T18:36:22 IST" duration-ms="29656">
      <class name="testcases.OrangeHRMLoginPageTest">
        <test-method is-config="true" signature="setUp(java.lang.String,java.lang.String)[pri:0, instance:testcases.OrangeHRMLoginPageTest@3cfdd820]" started-at="2022-12-18T18:35:52 IST" name="setUp" finished-at="2022-12-18T18:36:11 IST" duration-ms="18285" status="PASS">
          <params>
            <param index="0">
              <value>
                <![CDATA[Chrome]]>
              </value>
            </param>
            <param index="1">
              <value>
                <![CDATA[https://opensource-demo.orangehrmlive.com/web/index.php/auth/login]]>
              </value>
            </param>
          </params>
          <reporter-output>
            <line>
              <![CDATA[the exeuctable broseer is -- Chrome]]>
            </line>
          </reporter-output>
        </test-method> <!-- setUp -->
        <test-method signature="orangeHRMLoginTest(java.lang.String,java.lang.String)[pri:0, instance:testcases.OrangeHRMLoginPageTest@3cfdd820]" started-at="2022-12-18T18:36:11 IST" name="orangeHRMLoginTest" finished-at="2022-12-18T18:36:20 IST" duration-ms="9042" status="PASS">
          <params>
            <param index="0">
              <value>
                <![CDATA[Admin]]>
              </value>
            </param>
            <param index="1">
              <value>
                <![CDATA[admin123]]>
              </value>
            </param>
          </params>
          <reporter-output>
          </reporter-output>
        </test-method> <!-- orangeHRMLoginTest -->
        <test-method is-config="true" signature="tearDown()[pri:0, instance:testcases.OrangeHRMLoginPageTest@3cfdd820]" started-at="2022-12-18T18:36:20 IST" name="tearDown" finished-at="2022-12-18T18:36:22 IST" duration-ms="2215" status="PASS">
          <reporter-output>
          </reporter-output>
        </test-method> <!-- tearDown -->
      </class> <!-- testcases.OrangeHRMLoginPageTest -->
    </test> <!-- ChromeTest -->
  </suite> <!-- Suite -->
</testng-results>
